<?xml version="1.0" encoding="UTF-8"?>
<!-- Generated by org.testng.reporters.JUnitReportReporter -->
<testsuite hostname="LAPTOP-HE3IJ9BH" failures="0" tests="1" name="TestDrive.SignupTest" time="16.361" errors="0" timestamp="2023-06-02T01:04:23 IST" skipped="0">
  <testcase classname="TestDrive.SignupTest" name="SignUp" time="16.361"/>
  <system-out/>
</testsuite> <!-- TestDrive.SignupTest -->
