<?xml version="1.0" encoding="UTF-8"?>
<!-- Generated by org.testng.reporters.JUnitReportReporter -->
<testsuite hostname="LAPTOP-HE3IJ9BH" failures="0" tests="1" name="TestDrive.SigninTest" time="32.017" errors="0" timestamp="2023-06-02T01:04:23 IST" skipped="0">
  <testcase classname="TestDrive.SigninTest" name="SignIn" time="32.017"/>
  <system-out/>
</testsuite> <!-- TestDrive.SigninTest -->
